0 info it worked if it ends with ok
1 verbose cli [ '/usr/local/bin/node',
1 verbose cli   '/usr/local/lib/node_modules/npm/bin/npm-cli.js',
1 verbose cli   'run-script',
1 verbose cli   'dev' ]
2 info using npm@3.10.8
3 info using node@v5.11.1
4 verbose run-script [ 'predev', 'dev', 'postdev' ]
5 info lifecycle @~predev: @
6 silly lifecycle @~predev: no script for predev, continuing
7 info lifecycle @~dev: @
8 verbose lifecycle @~dev: unsafe-perm in lifecycle true
9 verbose lifecycle @~dev: PATH: /usr/local/lib/node_modules/npm/bin/node-gyp-bin:/Users/nielroos/Sites/laravel-blog/node_modules/.bin:/Users/nielroos/google-cloud-sdk/bin:/Users/nielroos/Sites/bash-scripts:/usr/local/sbin:/usr/local/bin:/usr/bin:/bin:/usr/sbin:/sbin:/Users/nielroos/gsutil
10 verbose lifecycle @~dev: CWD: /Users/nielroos/Sites/laravel-blog
11 silly lifecycle @~dev: Args: [ '-c', 'gulp watch' ]
12 info lifecycle @~dev: Failed to exec dev script
13 verbose stack Error: @ dev: `gulp watch`
13 verbose stack spawn ENOENT
13 verbose stack     at ChildProcess.<anonymous> (/usr/local/lib/node_modules/npm/lib/utils/spawn.js:33:16)
13 verbose stack     at emitTwo (events.js:100:13)
13 verbose stack     at ChildProcess.emit (events.js:185:7)
13 verbose stack     at maybeClose (internal/child_process.js:850:16)
13 verbose stack     at Process.ChildProcess._handle.onexit (internal/child_process.js:215:5)
14 verbose pkgid @
15 verbose cwd /Users/nielroos/Sites/laravel-blog
16 error Darwin 16.0.0
17 error argv "/usr/local/bin/node" "/usr/local/lib/node_modules/npm/bin/npm-cli.js" "run-script" "dev"
18 error node v5.11.1
19 error npm  v3.10.8
20 error file sh
21 error code ELIFECYCLE
22 error errno ENOENT
23 error syscall spawn
24 error @ dev: `gulp watch`
24 error spawn ENOENT
25 error Failed at the @ dev script 'gulp watch'.
25 error Make sure you have the latest version of node.js and npm installed.
25 error If you do, this is most likely a problem with the  package,
25 error not with npm itself.
25 error Tell the author that this fails on your system:
25 error     gulp watch
25 error You can get information on how to open an issue for this project with:
25 error     npm bugs
25 error Or if that isn't available, you can get their info via:
25 error     npm owner ls
25 error There is likely additional logging output above.
26 verbose exit [ 1, true ]
